Flutter crash report.
Please report a bug at https://github.com/flutter/flutter/issues.

## command

flutter pub get --no-example

## exception

PathAccessException: PathAccessException: Cannot open file, path = 'C:\Users\Dasi Rajesh\OneDrive\Desktop\flutter\my_call_log_app\windows\flutter\generated_plugin_registrant.cc' (OS Error: The process cannot access the file because it is being used by another process.
, errno = 32)

```
#0      _checkForErrorResponse (dart:io/common.dart:55:9)
#1      _File.open.<anonymous closure> (dart:io/file_impl.dart:381:7)
#2      _rootRunUnary (dart:async/zone.dart:1407:47)
#3      _CustomZone.runUnary (dart:async/zone.dart:1308:19)
<asynchronous suspension>
#4      _File.writeAsBytes.<anonymous closure> (dart:io/file_impl.dart:634:34)
<asynchronous suspension>
#5      ForwardingFile.writeAsString (package:file/src/forwarding/forwarding_file.dart:136:12)
<asynchronous suspension>
#6      ErrorHandlingFile.writeAsString.<anonymous closure> (package:flutter_tools/src/base/error_handling_io.dart:247:24)
<asynchronous suspension>
#7      _run (package:flutter_tools/src/base/error_handling_io.dart:559:12)
<asynchronous suspension>
#8      _renderTemplateToFile (package:flutter_tools/src/flutter_plugins.dart:38:3)
<asynchronous suspension>
#9      _writeCppPluginRegistrant (package:flutter_tools/src/flutter_plugins.dart:946:3)
<asynchronous suspension>
#10     writeWindowsPluginFiles (package:flutter_tools/src/flutter_plugins.dart:935:3)
<asynchronous suspension>
#11     injectPlugins (package:flutter_tools/src/flutter_plugins.dart:1176:5)
<asynchronous suspension>
#12     FlutterProject.ensureReadyForPlatformSpecificTooling (package:flutter_tools/src/project.dart:378:5)
<asynchronous suspension>
#13     PackagesGetCommand.runCommand (package:flutter_tools/src/commands/packages.dart:366:7)
<asynchronous suspension>
#14     FlutterCommand.run.<anonymous closure> (package:flutter_tools/src/runner/flutter_command.dart:1367:27)
<asynchronous suspension>
#15     AppContext.run.<anonymous closure> (package:flutter_tools/src/base/context.dart:150:19)
<asynchronous suspension>
#16     CommandRunner.runCommand (package:args/command_runner.dart:212:13)
<asynchronous suspension>
#17     FlutterCommandRunner.runCommand.<anonymous closure> (package:flutter_tools/src/runner/flutter_command_runner.dart:348:9)
<asynchronous suspension>
#18     AppContext.run.<anonymous closure> (package:flutter_tools/src/base/context.dart:150:19)
<asynchronous suspension>
#19     FlutterCommandRunner.runCommand (package:flutter_tools/src/runner/flutter_command_runner.dart:294:5)
<asynchronous suspension>
#20     run.<anonymous closure>.<anonymous closure> (package:flutter_tools/runner.dart:112:9)
<asynchronous suspension>
#21     AppContext.run.<anonymous closure> (package:flutter_tools/src/base/context.dart:150:19)
<asynchronous suspension>
#22     main (package:flutter_tools/executable.dart:90:3)
<asynchronous suspension>
```

## flutter doctor

```
[✓] Flutter (Channel stable, 3.16.9, on Microsoft Windows [Version 10.0.22621.3085], locale en-IN)
    • Flutter version 3.16.9 on channel stable at C:\src\flutter
    • Upstream repository https://github.com/flutter/flutter.git
    • Framework revision 41456452f2 (9 days ago), 2024-01-25 10:06:23 -0800
    • Engine revision f40e976bed
    • Dart version 3.2.6
    • DevTools version 2.28.5

[✓] Windows Version (Installed version of Windows is version 10 or higher)

[✓] Android toolchain - develop for Android devices (Android SDK version 34.0.0)
    • Android SDK at C:\Android
    • Platform android-34, build-tools 34.0.0
    • ANDROID_HOME = C:\Android
    • Java binary at: C:\Program Files\Common Files\Oracle\Java\javapath\java.exe
    • Java version Java(TM) SE Runtime Environment (build 18.0.1+10-24)
    • All Android licenses accepted.

[✓] Chrome - develop for the web
    • Chrome at C:\Program Files\Google\Chrome\Application\chrome.exe

[✗] Visual Studio - develop Windows apps
    ✗ Visual Studio not installed; this is necessary to develop Windows apps.
      Download at https://visualstudio.microsoft.com/downloads/.
      Please install the "Desktop development with C++" workload, including all of its default components

[!] Android Studio (not installed)
    • Android Studio not found; download from https://developer.android.com/studio/index.html
      (or visit https://flutter.dev/docs/get-started/install/windows#android-setup for detailed instructions).

[✓] VS Code (version 1.86.0)
    • VS Code at C:\Users\Dasi Rajesh\AppData\Local\Programs\Microsoft VS Code
    • Flutter extension version 3.82.0

[✓] Connected device (3 available)
    • Windows (desktop) • windows • windows-x64    • Microsoft Windows [Version 10.0.22621.3085]
    • Chrome (web)      • chrome  • web-javascript • Google Chrome 121.0.6167.86
    • Edge (web)        • edge    • web-javascript • Microsoft Edge 121.0.2277.98

[✓] Network resources
    • All expected network resources are available.

! Doctor found issues in 2 categories.
```
